2017-04-26 08:53:15,776 - INFO - IN DataFramesController...2
2017-04-26 09:02:13,974 - INFO - IN DataFramesController...2
2017-04-26 09:02:13,977 - INFO - in the StorageController ...2
2017-04-26 09:31:45,196 - INFO - IN DataFramesController...2
2017-04-26 09:31:45,198 - INFO - in the StorageController ...2
2017-05-01 22:40:12,038 - INFO - IN DataFramesController...2
2017-05-01 22:40:12,039 - INFO - in the StorageController ...2
2017-05-03 07:02:49,662 - INFO - IN DataFramesController...2
2017-05-03 07:02:49,666 - INFO - in the StorageController ...2
2017-05-03 07:16:00,244 - INFO - IN DataFramesController...2
2017-05-03 07:16:00,249 - INFO - in the StorageController ...2
2017-05-03 09:49:25,571 - INFO - IN get all ...2
2017-05-03 09:49:25,575 - INFO - 1483401599
2017-05-03 09:49:25,577 - INFO - 1493769599
2017-05-03 09:49:25,579 - INFO - in the try...2
2017-05-03 09:55:58,430 - INFO - IN get all ...2
2017-05-03 09:55:58,434 - INFO - 1483401599
2017-05-03 09:55:58,434 - INFO - 1493769599
2017-05-03 09:55:58,435 - INFO - in the try...2
2017-05-03 10:11:15,948 - INFO - IN DataFramesController...2
2017-05-03 10:11:15,950 - INFO - in the StorageController ...2
2017-05-04 06:37:42,449 - INFO - IN DataFramesController...2
2017-05-04 06:37:42,450 - INFO - in the StorageController ...2
2017-05-04 10:33:55,839 - INFO - IN DataFramesController...2
2017-05-04 10:33:55,842 - INFO - in the StorageController ...2
2017-05-04 10:51:09,812 - INFO - IN DataFramesController...2
2017-05-04 10:51:09,814 - INFO - in the StorageController ...2
2017-05-05 10:44:58,940 - INFO - IN DataFramesController...2
2017-05-05 10:44:58,941 - INFO - in the StorageController ...2
2017-05-05 10:45:56,399 - INFO - IN DataFramesController...2
2017-05-05 10:45:56,401 - INFO - in the StorageController ...2
2017-05-05 10:46:55,887 - INFO - IN DataFramesController...2
2017-05-05 10:46:55,888 - INFO - in the StorageController ...2
2017-05-07 07:09:20,925 - INFO - IN DataFramesController...2
2017-05-07 07:09:20,926 - INFO - in the StorageController ...2
2017-05-10 08:21:46,506 - INFO - IN DataFramesController...2
2017-05-10 08:21:46,507 - INFO - in the StorageController ...2
2017-05-10 08:22:11,362 - INFO - IN DataFramesController...2
2017-05-10 08:22:11,364 - INFO - in the StorageController ...2
2017-05-12 04:15:00,082 - INFO - IN DataFramesController...2
2017-05-12 04:15:00,083 - INFO - in the StorageController ...2
2017-06-21 15:59:08,395 - INFO - IN DataFramesController...2
2017-06-21 15:59:08,396 - INFO - in the StorageController ...2
